<?xml version="1.0" encoding="UTF-8"?>
<!-- Generated by org.testng.reporters.JUnitReportReporter -->
<testsuite hostname="Vijays-MacBook-Pro-2.local" failures="0" tests="1" name="ukfs.Testcases.VerifyCheckoutProcess" time="6.371" errors="0" timestamp="2020-06-17T14:34:45 BST" skipped="0">
  <testcase classname="ukfs.Testcases.VerifyCheckoutProcess" name="clickLogInLink" time="6.371"/>
  <system-out/>
</testsuite> <!-- ukfs.Testcases.VerifyCheckoutProcess -->
